<?xml version="1.0" encoding="UTF-8"?>
<testng-results skipped="0" failed="0" total="1" passed="1">
  <reporter-output>
  </reporter-output>
  <suite name="Default suite" duration-ms="23534" started-at="2019-06-12T03:52:35Z" finished-at="2019-06-12T03:52:59Z">
    <groups>
    </groups>
    <test name="Default test" duration-ms="23534" started-at="2019-06-12T03:52:35Z" finished-at="2019-06-12T03:52:59Z">
      <class name="testCases.StudentRegistration">
        <test-method status="PASS" signature="TestSetUp()[pri:0, instance:testCases.StudentRegistration@6fd02e5]" name="TestSetUp" is-config="true" duration-ms="84" started-at="2019-06-12T09:22:35Z" finished-at="2019-06-12T09:22:35Z">
          <reporter-output>
          </reporter-output>
        </test-method> <!-- TestSetUp -->
        <test-method status="PASS" signature="classSetup()[pri:0, instance:testCases.StudentRegistration@6fd02e5]" name="classSetup" is-config="true" duration-ms="11357" started-at="2019-06-12T09:22:35Z" finished-at="2019-06-12T09:22:47Z">
          <reporter-output>
          </reporter-output>
        </test-method> <!-- classSetup -->
        <test-method status="PASS" signature="TC01_StudentRegistration()[pri:0, instance:testCases.StudentRegistration@6fd02e5]" name="TC01_StudentRegistration" duration-ms="12050" started-at="2019-06-12T09:22:47Z" finished-at="2019-06-12T09:22:59Z">
          <reporter-output>
          </reporter-output>
        </test-method> <!-- TC01_StudentRegistration -->
        <test-method status="PASS" signature="CloseDriver()[pri:0, instance:testCases.StudentRegistration@6fd02e5]" name="CloseDriver" is-config="true" duration-ms="0" started-at="2019-06-12T09:22:59Z" finished-at="2019-06-12T09:22:59Z">
          <reporter-output>
          </reporter-output>
        </test-method> <!-- CloseDriver -->
        <test-method status="PASS" signature="MethodCleanUp()[pri:0, instance:testCases.StudentRegistration@6fd02e5]" name="MethodCleanUp" is-config="true" duration-ms="0" started-at="2019-06-12T09:22:59Z" finished-at="2019-06-12T09:22:59Z">
          <reporter-output>
          </reporter-output>
        </test-method> <!-- MethodCleanUp -->
      </class> <!-- testCases.StudentRegistration -->
    </test> <!-- Default test -->
  </suite> <!-- Default suite -->
</testng-results>
